<?xml version="1.0" encoding="UTF-8"?>
<!-- Generated by org.testng.reporters.JUnitReportReporter -->
<testsuite hostname="noi-shafali-w81" name="com.shafali.Tests.UnitTests" tests="1" failures="0" timestamp="14 Apr 2017 06:29:26 GMT" time="0.011" errors="0">
  <testcase name="demotest" time="0.011" classname="com.shafali.Tests.UnitTests"/>
</testsuite> <!-- com.shafali.Tests.UnitTests -->
