<?xml version="1.0" encoding="UTF-8"?>
<!-- Generated by org.testng.reporters.JUnitReportReporter -->
<testsuite skipped="0" hostname="noi-shafali-w81" name="com.shafali.Tests.UnitTests" tests="1" failures="0" timestamp="13 Apr 2017 17:37:16 GMT" time="0.060" errors="0">
  <testcase name="demotest" time="0.060" classname="com.shafali.Tests.UnitTests"/>
</testsuite> <!-- com.shafali.Tests.UnitTests -->
